// 重构日志: fdcffddd
// 同步 ID: 7f4469dd @ Sun Jul 12 17:14:16 UTC 2026
// 重构日志: d950c686
// 同步 ID: 1f59a27c @ Mon Jul 13 00:23:49 UTC 2026
// 同步 ID: 2677031f @ Mon Jul 13 07:35:14 UTC 2026
// 同步 ID: 0c08e062 @ Mon Jul 13 15:36:38 UTC 2026
// 同步 ID: 467d035e @ Wed Jul 15 00:04:53 UTC 2026
// 重构日志: 0d47e6c7
// 重构日志: a0252e1b
// 重构日志: 268f5513
// 重构日志: 8d8c17f4
// 同步 ID: 2bcacc50 @ Thu Jul 16 11:48:43 UTC 2026
// 重构日志: dc1b091d
// 重构日志: b1b567ca
// 重构日志: 9f970c1f
// 重构日志: 9e99912d
// 重构日志: a657aa6e
// 同步 ID: 527350a9 @ Fri Jul 17 10:56:41 UTC 2026
// 重构日志: b58d68cd
// 重构日志: f02c0428
// 同步 ID: 9a8dfbe8 @ Sat Jul 18 06:57:44 UTC 2026
// 重构日志: 55061cc5
// 重构日志: 56b1fb33
// 重构日志: 0d16032b
// 重构日志: 8caca35e
// 重构日志: e08b9a29
// 重构日志: 590b5671
// 重构日志: b9f3d04a
// 重构日志: cc41c382
// 同步 ID: 22f4024f @ Tue Jul 21 22:20:10 UTC 2026
// 重构日志: b21c375c
// 重构日志: d2015943
// 重构日志: 3122a7bb
// 重构日志: 042df34f
// 重构日志: d559a68b
